2019-07-04 22:20:00 [::1][-][-][error][yii\base\InvalidConfigException] ReflectionException: Class yii\debug\Module does not exist in C:\xampp\htdocs\yii\academia\vendor\yiisoft\yii2\di\Container.php:431
Stack trace:
#0 C:\xampp\htdocs\yii\academia\vendor\yiisoft\yii2\di\Container.php(431): ReflectionClass->__construct('yii\\debug\\Modul...')
#1 C:\xampp\htdocs\yii\academia\vendor\yiisoft\yii2\di\Container.php(365): yii\di\Container->getDependencies('yii\\debug\\Modul...')
#2 C:\xampp\htdocs\yii\academia\vendor\yiisoft\yii2\di\Container.php(156): yii\di\Container->build('yii\\debug\\Modul...', Array, Array)
#3 C:\xampp\htdocs\yii\academia\vendor\yiisoft\yii2\BaseYii.php(349): yii\di\Container->get('yii\\debug\\Modul...', Array, Array)
#4 C:\xampp\htdocs\yii\academia\vendor\yiisoft\yii2\base\Module.php(427): yii\BaseYii::createObject(Array, Array)
#5 C:\xampp\htdocs\yii\academia\vendor\yiisoft\yii2\base\Application.php(315): yii\base\Module->getModule('debug')
#6 C:\xampp\htdocs\yii\academia\vendor\yiisoft\yii2\web\Application.php(69): yii\base\Application->bootstrap()
#7 C:\xampp\htdocs\yii\academia\vendor\yiisoft\yii2\base\Application.php(273): yii\web\Application->bootstrap()
#8 C:\xampp\htdocs\yii\academia\vendor\yiisoft\yii2\base\BaseObject.php(109): yii\base\Application->init()
#9 C:\xampp\htdocs\yii\academia\vendor\yiisoft\yii2\base\Application.php(206): yii\base\BaseObject->__construct(Array)
#10 C:\xampp\htdocs\yii\academia\web\index.php(12): yii\base\Application->__construct(Array)
#11 {main}

Next yii\base\InvalidConfigException: Failed to instantiate component or class "yii\debug\Module". in C:\xampp\htdocs\yii\academia\vendor\yiisoft\yii2\di\Container.php:433
Stack trace:
#0 C:\xampp\htdocs\yii\academia\vendor\yiisoft\yii2\di\Container.php(365): yii\di\Container->getDependencies('yii\\debug\\Modul...')
#1 C:\xampp\htdocs\yii\academia\vendor\yiisoft\yii2\di\Container.php(156): yii\di\Container->build('yii\\debug\\Modul...', Array, Array)
#2 C:\xampp\htdocs\yii\academia\vendor\yiisoft\yii2\BaseYii.php(349): yii\di\Container->get('yii\\debug\\Modul...', Array, Array)
#3 C:\xampp\htdocs\yii\academia\vendor\yiisoft\yii2\base\Module.php(427): yii\BaseYii::createObject(Array, Array)
#4 C:\xampp\htdocs\yii\academia\vendor\yiisoft\yii2\base\Application.php(315): yii\base\Module->getModule('debug')
#5 C:\xampp\htdocs\yii\academia\vendor\yiisoft\yii2\web\Application.php(69): yii\base\Application->bootstrap()
#6 C:\xampp\htdocs\yii\academia\vendor\yiisoft\yii2\base\Application.php(273): yii\web\Application->bootstrap()
#7 C:\xampp\htdocs\yii\academia\vendor\yiisoft\yii2\base\BaseObject.php(109): yii\base\Application->init()
#8 C:\xampp\htdocs\yii\academia\vendor\yiisoft\yii2\base\Application.php(206): yii\base\BaseObject->__construct(Array)
#9 C:\xampp\htdocs\yii\academia\web\index.php(12): yii\base\Application->__construct(Array)
#10 {main}
2019-07-04 22:20:00 [::1][-][-][info][application] $_GET = []

$_POST = []

$_FILES = []

$_COOKIE = [
    '_csrf' => 'dd70007b778f1409a80f69f49da9e50edb0b05ede0663836cd1d81e50c4f21d3a:2:{i:0;s:5:\"_csrf\";i:1;s:32:\"BQJ2f9jdfCKIrqaWjr4ootggfrwvBE93\";}'
    'PHPSESSID' => 'ie02n10pq89hj10pkg0m6b6q70'
]

$_SERVER = [
    'MIBDIRS' => 'C:/xampp/php/extras/mibs'
    'MYSQL_HOME' => '\\xampp\\mysql\\bin'
    'OPENSSL_CONF' => 'C:/xampp/apache/bin/openssl.cnf'
    'PHP_PEAR_SYSCONF_DIR' => '\\xampp\\php'
    'PHPRC' => '\\xampp\\php'
    'TMP' => '\\xampp\\tmp'
    'HTTP_HOST' => 'localhost'
    'HTTP_CONNECTION' => 'keep-alive'
    'HTTP_CACHE_CONTROL' => 'max-age=0'
    'HTTP_UPGRADE_INSECURE_REQUESTS' => '1'
    'HTTP_USER_AGENT' => 'Mozilla/5.0 (Windows NT 10.0; Win64; x64) AppleWebKit/537.36 (KHTML, like Gecko) Chrome/75.0.3770.100 Safari/537.36'
    'HTTP_ACCEPT' => 'text/html,application/xhtml+xml,application/xml;q=0.9,image/webp,image/apng,*/*;q=0.8,application/signed-exchange;v=b3'
    'HTTP_ACCEPT_ENCODING' => 'gzip, deflate, br'
    'HTTP_ACCEPT_LANGUAGE' => 'pt-BR,pt;q=0.9,en-US;q=0.8,en;q=0.7'
    'HTTP_COOKIE' => '_csrf=dd70007b778f1409a80f69f49da9e50edb0b05ede0663836cd1d81e50c4f21d3a%3A2%3A%7Bi%3A0%3Bs%3A5%3A%22_csrf%22%3Bi%3A1%3Bs%3A32%3A%22BQJ2f9jdfCKIrqaWjr4ootggfrwvBE93%22%3B%7D; PHPSESSID=ie02n10pq89hj10pkg0m6b6q70'
    'PATH' => 'C:\\Program Files (x86)\\Common Files\\Oracle\\Java\\javapath;C:\\Windows\\system32;C:\\Windows;C:\\Windows\\System32\\Wbem;C:\\Windows\\System32\\WindowsPowerShell\\v1.0\\;C:\\Program Files\\Git\\cmd;C:\\xampp\\php;C:\\Program Files\\Git\\bin;C:\\composer;C:\\Program Files (x86)\\Yarn\\bin\\;C:\\Program Files\\nodejs\\;C:\\Users\\matheus_dna\\AppData\\Local\\Microsoft\\WindowsApps;C:\\Users\\matheus_dna\\AppData\\Local\\Yarn\\bin;C:\\Users\\matheus_dna\\AppData\\Roaming\\npm'
    'SystemRoot' => 'C:\\Windows'
    'COMSPEC' => 'C:\\Windows\\system32\\cmd.exe'
    'PATHEXT' => '.COM;.EXE;.BAT;.CMD;.VBS;.VBE;.JS;.JSE;.WSF;.WSH;.MSC'
    'WINDIR' => 'C:\\Windows'
    'SERVER_SIGNATURE' => '<address>Apache/2.4.39 (Win64) OpenSSL/1.0.2s PHP/7.1.30 Server at localhost Port 80</address>
'
    'SERVER_SOFTWARE' => 'Apache/2.4.39 (Win64) OpenSSL/1.0.2s PHP/7.1.30'
    'SERVER_NAME' => 'localhost'
    'SERVER_ADDR' => '::1'
    'SERVER_PORT' => '80'
    'REMOTE_ADDR' => '::1'
    'DOCUMENT_ROOT' => 'C:/xampp/htdocs'
    'REQUEST_SCHEME' => 'http'
    'CONTEXT_PREFIX' => ''
    'CONTEXT_DOCUMENT_ROOT' => 'C:/xampp/htdocs'
    'SERVER_ADMIN' => 'postmaster@localhost'
    'SCRIPT_FILENAME' => 'C:/xampp/htdocs/yii/academia/web/index.php'
    'REMOTE_PORT' => '58070'
    'GATEWAY_INTERFACE' => 'CGI/1.1'
    'SERVER_PROTOCOL' => 'HTTP/1.1'
    'REQUEST_METHOD' => 'GET'
    'QUERY_STRING' => ''
    'REQUEST_URI' => '/yii/academia/web/'
    'SCRIPT_NAME' => '/yii/academia/web/index.php'
    'PHP_SELF' => '/yii/academia/web/index.php'
    'REQUEST_TIME_FLOAT' => 1562271600.098
    'REQUEST_TIME' => 1562271600
]
2019-07-04 22:20:01 [::1][-][-][error][yii\base\InvalidConfigException] ReflectionException: Class yii\debug\Module does not exist in C:\xampp\htdocs\yii\academia\vendor\yiisoft\yii2\di\Container.php:431
Stack trace:
#0 C:\xampp\htdocs\yii\academia\vendor\yiisoft\yii2\di\Container.php(431): ReflectionClass->__construct('yii\\debug\\Modul...')
#1 C:\xampp\htdocs\yii\academia\vendor\yiisoft\yii2\di\Container.php(365): yii\di\Container->getDependencies('yii\\debug\\Modul...')
#2 C:\xampp\htdocs\yii\academia\vendor\yiisoft\yii2\di\Container.php(156): yii\di\Container->build('yii\\debug\\Modul...', Array, Array)
#3 C:\xampp\htdocs\yii\academia\vendor\yiisoft\yii2\BaseYii.php(349): yii\di\Container->get('yii\\debug\\Modul...', Array, Array)
#4 C:\xampp\htdocs\yii\academia\vendor\yiisoft\yii2\base\Module.php(427): yii\BaseYii::createObject(Array, Array)
#5 C:\xampp\htdocs\yii\academia\vendor\yiisoft\yii2\base\Application.php(315): yii\base\Module->getModule('debug')
#6 C:\xampp\htdocs\yii\academia\vendor\yiisoft\yii2\web\Application.php(69): yii\base\Application->bootstrap()
#7 C:\xampp\htdocs\yii\academia\vendor\yiisoft\yii2\base\Application.php(273): yii\web\Application->bootstrap()
#8 C:\xampp\htdocs\yii\academia\vendor\yiisoft\yii2\base\BaseObject.php(109): yii\base\Application->init()
#9 C:\xampp\htdocs\yii\academia\vendor\yiisoft\yii2\base\Application.php(206): yii\base\BaseObject->__construct(Array)
#10 C:\xampp\htdocs\yii\academia\web\index.php(12): yii\base\Application->__construct('[<span class="s...')
#11 {main}

Next yii\base\InvalidConfigException: Failed to instantiate component or class "yii\debug\Module". in C:\xampp\htdocs\yii\academia\vendor\yiisoft\yii2\di\Container.php:433
Stack trace:
#0 C:\xampp\htdocs\yii\academia\vendor\yiisoft\yii2\di\Container.php(365): yii\di\Container->getDependencies('yii\\debug\\Modul...')
#1 C:\xampp\htdocs\yii\academia\vendor\yiisoft\yii2\di\Container.php(156): yii\di\Container->build('yii\\debug\\Modul...', Array, Array)
#2 C:\xampp\htdocs\yii\academia\vendor\yiisoft\yii2\BaseYii.php(349): yii\di\Container->get('yii\\debug\\Modul...', Array, Array)
#3 C:\xampp\htdocs\yii\academia\vendor\yiisoft\yii2\base\Module.php(427): yii\BaseYii::createObject(Array, Array)
#4 C:\xampp\htdocs\yii\academia\vendor\yiisoft\yii2\base\Application.php(315): yii\base\Module->getModule('debug')
#5 C:\xampp\htdocs\yii\academia\vendor\yiisoft\yii2\web\Application.php(69): yii\base\Application->bootstrap()
#6 C:\xampp\htdocs\yii\academia\vendor\yiisoft\yii2\base\Application.php(273): yii\web\Application->bootstrap()
#7 C:\xampp\htdocs\yii\academia\vendor\yiisoft\yii2\base\BaseObject.php(109): yii\base\Application->init()
#8 C:\xampp\htdocs\yii\academia\vendor\yiisoft\yii2\base\Application.php(206): yii\base\BaseObject->__construct(Array)
#9 C:\xampp\htdocs\yii\academia\web\index.php(12): yii\base\Application->__construct('[<span class="s...')
#10 {main}
2019-07-04 22:20:01 [::1][-][-][info][application] $_GET = []

$_POST = []

$_FILES = []

$_COOKIE = [
    '_csrf' => 'dd70007b778f1409a80f69f49da9e50edb0b05ede0663836cd1d81e50c4f21d3a:2:{i:0;s:5:\"_csrf\";i:1;s:32:\"BQJ2f9jdfCKIrqaWjr4ootggfrwvBE93\";}'
    'PHPSESSID' => 'ie02n10pq89hj10pkg0m6b6q70'
]

$_SERVER = [
    'MIBDIRS' => 'C:/xampp/php/extras/mibs'
    'MYSQL_HOME' => '\\xampp\\mysql\\bin'
    'OPENSSL_CONF' => 'C:/xampp/apache/bin/openssl.cnf'
    'PHP_PEAR_SYSCONF_DIR' => '\\xampp\\php'
    'PHPRC' => '\\xampp\\php'
    'TMP' => '\\xampp\\tmp'
    'HTTP_HOST' => 'localhost'
    'HTTP_CONNECTION' => 'keep-alive'
    'HTTP_CACHE_CONTROL' => 'max-age=0'
    'HTTP_UPGRADE_INSECURE_REQUESTS' => '1'
    'HTTP_USER_AGENT' => 'Mozilla/5.0 (Windows NT 10.0; Win64; x64) AppleWebKit/537.36 (KHTML, like Gecko) Chrome/75.0.3770.100 Safari/537.36'
    'HTTP_ACCEPT' => 'text/html,application/xhtml+xml,application/xml;q=0.9,image/webp,image/apng,*/*;q=0.8,application/signed-exchange;v=b3'
    'HTTP_ACCEPT_ENCODING' => 'gzip, deflate, br'
    'HTTP_ACCEPT_LANGUAGE' => 'pt-BR,pt;q=0.9,en-US;q=0.8,en;q=0.7'
    'HTTP_COOKIE' => '_csrf=dd70007b778f1409a80f69f49da9e50edb0b05ede0663836cd1d81e50c4f21d3a%3A2%3A%7Bi%3A0%3Bs%3A5%3A%22_csrf%22%3Bi%3A1%3Bs%3A32%3A%22BQJ2f9jdfCKIrqaWjr4ootggfrwvBE93%22%3B%7D; PHPSESSID=ie02n10pq89hj10pkg0m6b6q70'
    'PATH' => 'C:\\Program Files (x86)\\Common Files\\Oracle\\Java\\javapath;C:\\Windows\\system32;C:\\Windows;C:\\Windows\\System32\\Wbem;C:\\Windows\\System32\\WindowsPowerShell\\v1.0\\;C:\\Program Files\\Git\\cmd;C:\\xampp\\php;C:\\Program Files\\Git\\bin;C:\\composer;C:\\Program Files (x86)\\Yarn\\bin\\;C:\\Program Files\\nodejs\\;C:\\Users\\matheus_dna\\AppData\\Local\\Microsoft\\WindowsApps;C:\\Users\\matheus_dna\\AppData\\Local\\Yarn\\bin;C:\\Users\\matheus_dna\\AppData\\Roaming\\npm'
    'SystemRoot' => 'C:\\Windows'
    'COMSPEC' => 'C:\\Windows\\system32\\cmd.exe'
    'PATHEXT' => '.COM;.EXE;.BAT;.CMD;.VBS;.VBE;.JS;.JSE;.WSF;.WSH;.MSC'
    'WINDIR' => 'C:\\Windows'
    'SERVER_SIGNATURE' => '<address>Apache/2.4.39 (Win64) OpenSSL/1.0.2s PHP/7.1.30 Server at localhost Port 80</address>
'
    'SERVER_SOFTWARE' => 'Apache/2.4.39 (Win64) OpenSSL/1.0.2s PHP/7.1.30'
    'SERVER_NAME' => 'localhost'
    'SERVER_ADDR' => '::1'
    'SERVER_PORT' => '80'
    'REMOTE_ADDR' => '::1'
    'DOCUMENT_ROOT' => 'C:/xampp/htdocs'
    'REQUEST_SCHEME' => 'http'
    'CONTEXT_PREFIX' => ''
    'CONTEXT_DOCUMENT_ROOT' => 'C:/xampp/htdocs'
    'SERVER_ADMIN' => 'postmaster@localhost'
    'SCRIPT_FILENAME' => 'C:/xampp/htdocs/yii/academia/web/index.php'
    'REMOTE_PORT' => '58071'
    'GATEWAY_INTERFACE' => 'CGI/1.1'
    'SERVER_PROTOCOL' => 'HTTP/1.1'
    'REQUEST_METHOD' => 'GET'
    'QUERY_STRING' => ''
    'REQUEST_URI' => '/yii/academia/web/'
    'SCRIPT_NAME' => '/yii/academia/web/index.php'
    'PHP_SELF' => '/yii/academia/web/index.php'
    'REQUEST_TIME_FLOAT' => 1562271601.419
    'REQUEST_TIME' => 1562271601
]
2019-07-04 22:20:02 [::1][-][-][error][yii\base\InvalidConfigException] ReflectionException: Class yii\debug\panels\ConfigPanel does not exist in C:\xampp\htdocs\yii\academia\vendor\yiisoft\yii2\di\Container.php:431
Stack trace:
#0 C:\xampp\htdocs\yii\academia\vendor\yiisoft\yii2\di\Container.php(431): ReflectionClass->__construct('yii\\debug\\panel...')
#1 C:\xampp\htdocs\yii\academia\vendor\yiisoft\yii2\di\Container.php(365): yii\di\Container->getDependencies('yii\\debug\\panel...')
#2 C:\xampp\htdocs\yii\academia\vendor\yiisoft\yii2\di\Container.php(156): yii\di\Container->build('yii\\debug\\panel...', Array, Array)
#3 C:\xampp\htdocs\yii\academia\vendor\yiisoft\yii2\BaseYii.php(349): yii\di\Container->get('yii\\debug\\panel...', Array, Array)
#4 C:\xampp\htdocs\yii\academia\vendor\yiisoft\yii2-debug\src\Module.php(226): yii\BaseYii::createObject(Array)
#5 C:\xampp\htdocs\yii\academia\vendor\yiisoft\yii2-debug\src\Module.php(197): yii\debug\Module->initPanels()
#6 C:\xampp\htdocs\yii\academia\vendor\yiisoft\yii2\base\BaseObject.php(109): yii\debug\Module->init()
#7 C:\xampp\htdocs\yii\academia\vendor\yiisoft\yii2\base\Module.php(158): yii\base\BaseObject->__construct(Array)
#8 [internal function]: yii\base\Module->__construct('debug', Object(yii\web\Application), Array)
#9 C:\xampp\htdocs\yii\academia\vendor\yiisoft\yii2\di\Container.php(376): ReflectionClass->newInstanceArgs(Array)
#10 C:\xampp\htdocs\yii\academia\vendor\yiisoft\yii2\di\Container.php(156): yii\di\Container->build('yii\\debug\\Modul...', Array, Array)
#11 C:\xampp\htdocs\yii\academia\vendor\yiisoft\yii2\BaseYii.php(349): yii\di\Container->get('yii\\debug\\Modul...', Array, Array)
#12 C:\xampp\htdocs\yii\academia\vendor\yiisoft\yii2\base\Module.php(427): yii\BaseYii::createObject(Array, Array)
#13 C:\xampp\htdocs\yii\academia\vendor\yiisoft\yii2\base\Application.php(315): yii\base\Module->getModule('debug')
#14 C:\xampp\htdocs\yii\academia\vendor\yiisoft\yii2\web\Application.php(69): yii\base\Application->bootstrap()
#15 C:\xampp\htdocs\yii\academia\vendor\yiisoft\yii2\base\Application.php(273): yii\web\Application->bootstrap()
#16 C:\xampp\htdocs\yii\academia\vendor\yiisoft\yii2\base\BaseObject.php(109): yii\base\Application->init()
#17 C:\xampp\htdocs\yii\academia\vendor\yiisoft\yii2\base\Application.php(206): yii\base\BaseObject->__construct(Array)
#18 C:\xampp\htdocs\yii\academia\web\index.php(12): yii\base\Application->__construct('[<span class="s...')
#19 {main}

Next yii\base\InvalidConfigException: Failed to instantiate component or class "yii\debug\panels\ConfigPanel". in C:\xampp\htdocs\yii\academia\vendor\yiisoft\yii2\di\Container.php:433
Stack trace:
#0 C:\xampp\htdocs\yii\academia\vendor\yiisoft\yii2\di\Container.php(365): yii\di\Container->getDependencies('yii\\debug\\panel...')
#1 C:\xampp\htdocs\yii\academia\vendor\yiisoft\yii2\di\Container.php(156): yii\di\Container->build('yii\\debug\\panel...', Array, Array)
#2 C:\xampp\htdocs\yii\academia\vendor\yiisoft\yii2\BaseYii.php(349): yii\di\Container->get('yii\\debug\\panel...', Array, Array)
#3 C:\xampp\htdocs\yii\academia\vendor\yiisoft\yii2-debug\src\Module.php(226): yii\BaseYii::createObject(Array)
#4 C:\xampp\htdocs\yii\academia\vendor\yiisoft\yii2-debug\src\Module.php(197): yii\debug\Module->initPanels()
#5 C:\xampp\htdocs\yii\academia\vendor\yiisoft\yii2\base\BaseObject.php(109): yii\debug\Module->init()
#6 C:\xampp\htdocs\yii\academia\vendor\yiisoft\yii2\base\Module.php(158): yii\base\BaseObject->__construct(Array)
#7 [internal function]: yii\base\Module->__construct('debug', Object(yii\web\Application), Array)
#8 C:\xampp\htdocs\yii\academia\vendor\yiisoft\yii2\di\Container.php(376): ReflectionClass->newInstanceArgs(Array)
#9 C:\xampp\htdocs\yii\academia\vendor\yiisoft\yii2\di\Container.php(156): yii\di\Container->build('yii\\debug\\Modul...', Array, Array)
#10 C:\xampp\htdocs\yii\academia\vendor\yiisoft\yii2\BaseYii.php(349): yii\di\Container->get('yii\\debug\\Modul...', Array, Array)
#11 C:\xampp\htdocs\yii\academia\vendor\yiisoft\yii2\base\Module.php(427): yii\BaseYii::createObject(Array, Array)
#12 C:\xampp\htdocs\yii\academia\vendor\yiisoft\yii2\base\Application.php(315): yii\base\Module->getModule('debug')
#13 C:\xampp\htdocs\yii\academia\vendor\yiisoft\yii2\web\Application.php(69): yii\base\Application->bootstrap()
#14 C:\xampp\htdocs\yii\academia\vendor\yiisoft\yii2\base\Application.php(273): yii\web\Application->bootstrap()
#15 C:\xampp\htdocs\yii\academia\vendor\yiisoft\yii2\base\BaseObject.php(109): yii\base\Application->init()
#16 C:\xampp\htdocs\yii\academia\vendor\yiisoft\yii2\base\Application.php(206): yii\base\BaseObject->__construct(Array)
#17 C:\xampp\htdocs\yii\academia\web\index.php(12): yii\base\Application->__construct('[<span class="s...')
#18 {main}
2019-07-04 22:20:02 [::1][-][-][info][application] $_GET = []

$_POST = []

$_FILES = []

$_COOKIE = [
    '_csrf' => 'dd70007b778f1409a80f69f49da9e50edb0b05ede0663836cd1d81e50c4f21d3a:2:{i:0;s:5:\"_csrf\";i:1;s:32:\"BQJ2f9jdfCKIrqaWjr4ootggfrwvBE93\";}'
    'PHPSESSID' => 'ie02n10pq89hj10pkg0m6b6q70'
]

$_SERVER = [
    'MIBDIRS' => 'C:/xampp/php/extras/mibs'
    'MYSQL_HOME' => '\\xampp\\mysql\\bin'
    'OPENSSL_CONF' => 'C:/xampp/apache/bin/openssl.cnf'
    'PHP_PEAR_SYSCONF_DIR' => '\\xampp\\php'
    'PHPRC' => '\\xampp\\php'
    'TMP' => '\\xampp\\tmp'
    'HTTP_HOST' => 'localhost'
    'HTTP_CONNECTION' => 'keep-alive'
    'HTTP_CACHE_CONTROL' => 'max-age=0'
    'HTTP_UPGRADE_INSECURE_REQUESTS' => '1'
    'HTTP_USER_AGENT' => 'Mozilla/5.0 (Windows NT 10.0; Win64; x64) AppleWebKit/537.36 (KHTML, like Gecko) Chrome/75.0.3770.100 Safari/537.36'
    'HTTP_ACCEPT' => 'text/html,application/xhtml+xml,application/xml;q=0.9,image/webp,image/apng,*/*;q=0.8,application/signed-exchange;v=b3'
    'HTTP_ACCEPT_ENCODING' => 'gzip, deflate, br'
    'HTTP_ACCEPT_LANGUAGE' => 'pt-BR,pt;q=0.9,en-US;q=0.8,en;q=0.7'
    'HTTP_COOKIE' => '_csrf=dd70007b778f1409a80f69f49da9e50edb0b05ede0663836cd1d81e50c4f21d3a%3A2%3A%7Bi%3A0%3Bs%3A5%3A%22_csrf%22%3Bi%3A1%3Bs%3A32%3A%22BQJ2f9jdfCKIrqaWjr4ootggfrwvBE93%22%3B%7D; PHPSESSID=ie02n10pq89hj10pkg0m6b6q70'
    'PATH' => 'C:\\Program Files (x86)\\Common Files\\Oracle\\Java\\javapath;C:\\Windows\\system32;C:\\Windows;C:\\Windows\\System32\\Wbem;C:\\Windows\\System32\\WindowsPowerShell\\v1.0\\;C:\\Program Files\\Git\\cmd;C:\\xampp\\php;C:\\Program Files\\Git\\bin;C:\\composer;C:\\Program Files (x86)\\Yarn\\bin\\;C:\\Program Files\\nodejs\\;C:\\Users\\matheus_dna\\AppData\\Local\\Microsoft\\WindowsApps;C:\\Users\\matheus_dna\\AppData\\Local\\Yarn\\bin;C:\\Users\\matheus_dna\\AppData\\Roaming\\npm'
    'SystemRoot' => 'C:\\Windows'
    'COMSPEC' => 'C:\\Windows\\system32\\cmd.exe'
    'PATHEXT' => '.COM;.EXE;.BAT;.CMD;.VBS;.VBE;.JS;.JSE;.WSF;.WSH;.MSC'
    'WINDIR' => 'C:\\Windows'
    'SERVER_SIGNATURE' => '<address>Apache/2.4.39 (Win64) OpenSSL/1.0.2s PHP/7.1.30 Server at localhost Port 80</address>
'
    'SERVER_SOFTWARE' => 'Apache/2.4.39 (Win64) OpenSSL/1.0.2s PHP/7.1.30'
    'SERVER_NAME' => 'localhost'
    'SERVER_ADDR' => '::1'
    'SERVER_PORT' => '80'
    'REMOTE_ADDR' => '::1'
    'DOCUMENT_ROOT' => 'C:/xampp/htdocs'
    'REQUEST_SCHEME' => 'http'
    'CONTEXT_PREFIX' => ''
    'CONTEXT_DOCUMENT_ROOT' => 'C:/xampp/htdocs'
    'SERVER_ADMIN' => 'postmaster@localhost'
    'SCRIPT_FILENAME' => 'C:/xampp/htdocs/yii/academia/web/index.php'
    'REMOTE_PORT' => '58072'
    'GATEWAY_INTERFACE' => 'CGI/1.1'
    'SERVER_PROTOCOL' => 'HTTP/1.1'
    'REQUEST_METHOD' => 'GET'
    'QUERY_STRING' => ''
    'REQUEST_URI' => '/yii/academia/web/'
    'SCRIPT_NAME' => '/yii/academia/web/index.php'
    'PHP_SELF' => '/yii/academia/web/index.php'
    'REQUEST_TIME_FLOAT' => 1562271602.586
    'REQUEST_TIME' => 1562271602
]
2019-07-04 22:20:03 [::1][-][-][error][yii\base\InvalidConfigException] ReflectionException: Class yii\debug\panels\ConfigPanel does not exist in C:\xampp\htdocs\yii\academia\vendor\yiisoft\yii2\di\Container.php:431
Stack trace:
#0 C:\xampp\htdocs\yii\academia\vendor\yiisoft\yii2\di\Container.php(431): ReflectionClass->__construct('yii\\debug\\panel...')
#1 C:\xampp\htdocs\yii\academia\vendor\yiisoft\yii2\di\Container.php(365): yii\di\Container->getDependencies('yii\\debug\\panel...')
#2 C:\xampp\htdocs\yii\academia\vendor\yiisoft\yii2\di\Container.php(156): yii\di\Container->build('yii\\debug\\panel...', Array, Array)
#3 C:\xampp\htdocs\yii\academia\vendor\yiisoft\yii2\BaseYii.php(349): yii\di\Container->get('yii\\debug\\panel...', Array, Array)
#4 C:\xampp\htdocs\yii\academia\vendor\yiisoft\yii2-debug\src\Module.php(226): yii\BaseYii::createObject(Array)
#5 C:\xampp\htdocs\yii\academia\vendor\yiisoft\yii2-debug\src\Module.php(197): yii\debug\Module->initPanels()
#6 C:\xampp\htdocs\yii\academia\vendor\yiisoft\yii2\base\BaseObject.php(109): yii\debug\Module->init()
#7 C:\xampp\htdocs\yii\academia\vendor\yiisoft\yii2\base\Module.php(158): yii\base\BaseObject->__construct(Array)
#8 [internal function]: yii\base\Module->__construct('debug', Object(yii\web\Application), Array)
#9 C:\xampp\htdocs\yii\academia\vendor\yiisoft\yii2\di\Container.php(376): ReflectionClass->newInstanceArgs(Array)
#10 C:\xampp\htdocs\yii\academia\vendor\yiisoft\yii2\di\Container.php(156): yii\di\Container->build('yii\\debug\\Modul...', Array, Array)
#11 C:\xampp\htdocs\yii\academia\vendor\yiisoft\yii2\BaseYii.php(349): yii\di\Container->get('yii\\debug\\Modul...', Array, Array)
#12 C:\xampp\htdocs\yii\academia\vendor\yiisoft\yii2\base\Module.php(427): yii\BaseYii::createObject(Array, Array)
#13 C:\xampp\htdocs\yii\academia\vendor\yiisoft\yii2\base\Application.php(315): yii\base\Module->getModule('debug')
#14 C:\xampp\htdocs\yii\academia\vendor\yiisoft\yii2\web\Application.php(69): yii\base\Application->bootstrap()
#15 C:\xampp\htdocs\yii\academia\vendor\yiisoft\yii2\base\Application.php(273): yii\web\Application->bootstrap()
#16 C:\xampp\htdocs\yii\academia\vendor\yiisoft\yii2\base\BaseObject.php(109): yii\base\Application->init()
#17 C:\xampp\htdocs\yii\academia\vendor\yiisoft\yii2\base\Application.php(206): yii\base\BaseObject->__construct(Array)
#18 C:\xampp\htdocs\yii\academia\web\index.php(12): yii\base\Application->__construct('[<span class="s...')
#19 {main}

Next yii\base\InvalidConfigException: Failed to instantiate component or class "yii\debug\panels\ConfigPanel". in C:\xampp\htdocs\yii\academia\vendor\yiisoft\yii2\di\Container.php:433
Stack trace:
#0 C:\xampp\htdocs\yii\academia\vendor\yiisoft\yii2\di\Container.php(365): yii\di\Container->getDependencies('yii\\debug\\panel...')
#1 C:\xampp\htdocs\yii\academia\vendor\yiisoft\yii2\di\Container.php(156): yii\di\Container->build('yii\\debug\\panel...', Array, Array)
#2 C:\xampp\htdocs\yii\academia\vendor\yiisoft\yii2\BaseYii.php(349): yii\di\Container->get('yii\\debug\\panel...', Array, Array)
#3 C:\xampp\htdocs\yii\academia\vendor\yiisoft\yii2-debug\src\Module.php(226): yii\BaseYii::createObject(Array)
#4 C:\xampp\htdocs\yii\academia\vendor\yiisoft\yii2-debug\src\Module.php(197): yii\debug\Module->initPanels()
#5 C:\xampp\htdocs\yii\academia\vendor\yiisoft\yii2\base\BaseObject.php(109): yii\debug\Module->init()
#6 C:\xampp\htdocs\yii\academia\vendor\yiisoft\yii2\base\Module.php(158): yii\base\BaseObject->__construct(Array)
#7 [internal function]: yii\base\Module->__construct('debug', Object(yii\web\Application), Array)
#8 C:\xampp\htdocs\yii\academia\vendor\yiisoft\yii2\di\Container.php(376): ReflectionClass->newInstanceArgs(Array)
#9 C:\xampp\htdocs\yii\academia\vendor\yiisoft\yii2\di\Container.php(156): yii\di\Container->build('yii\\debug\\Modul...', Array, Array)
#10 C:\xampp\htdocs\yii\academia\vendor\yiisoft\yii2\BaseYii.php(349): yii\di\Container->get('yii\\debug\\Modul...', Array, Array)
#11 C:\xampp\htdocs\yii\academia\vendor\yiisoft\yii2\base\Module.php(427): yii\BaseYii::createObject(Array, Array)
#12 C:\xampp\htdocs\yii\academia\vendor\yiisoft\yii2\base\Application.php(315): yii\base\Module->getModule('debug')
#13 C:\xampp\htdocs\yii\academia\vendor\yiisoft\yii2\web\Application.php(69): yii\base\Application->bootstrap()
#14 C:\xampp\htdocs\yii\academia\vendor\yiisoft\yii2\base\Application.php(273): yii\web\Application->bootstrap()
#15 C:\xampp\htdocs\yii\academia\vendor\yiisoft\yii2\base\BaseObject.php(109): yii\base\Application->init()
#16 C:\xampp\htdocs\yii\academia\vendor\yiisoft\yii2\base\Application.php(206): yii\base\BaseObject->__construct(Array)
#17 C:\xampp\htdocs\yii\academia\web\index.php(12): yii\base\Application->__construct('[<span class="s...')
#18 {main}
2019-07-04 22:20:03 [::1][-][-][info][application] $_GET = []

$_POST = []

$_FILES = []

$_COOKIE = [
    '_csrf' => 'dd70007b778f1409a80f69f49da9e50edb0b05ede0663836cd1d81e50c4f21d3a:2:{i:0;s:5:\"_csrf\";i:1;s:32:\"BQJ2f9jdfCKIrqaWjr4ootggfrwvBE93\";}'
    'PHPSESSID' => 'ie02n10pq89hj10pkg0m6b6q70'
]

$_SERVER = [
    'MIBDIRS' => 'C:/xampp/php/extras/mibs'
    'MYSQL_HOME' => '\\xampp\\mysql\\bin'
    'OPENSSL_CONF' => 'C:/xampp/apache/bin/openssl.cnf'
    'PHP_PEAR_SYSCONF_DIR' => '\\xampp\\php'
    'PHPRC' => '\\xampp\\php'
    'TMP' => '\\xampp\\tmp'
    'HTTP_HOST' => 'localhost'
    'HTTP_CONNECTION' => 'keep-alive'
    'HTTP_CACHE_CONTROL' => 'max-age=0'
    'HTTP_UPGRADE_INSECURE_REQUESTS' => '1'
    'HTTP_USER_AGENT' => 'Mozilla/5.0 (Windows NT 10.0; Win64; x64) AppleWebKit/537.36 (KHTML, like Gecko) Chrome/75.0.3770.100 Safari/537.36'
    'HTTP_ACCEPT' => 'text/html,application/xhtml+xml,application/xml;q=0.9,image/webp,image/apng,*/*;q=0.8,application/signed-exchange;v=b3'
    'HTTP_ACCEPT_ENCODING' => 'gzip, deflate, br'
    'HTTP_ACCEPT_LANGUAGE' => 'pt-BR,pt;q=0.9,en-US;q=0.8,en;q=0.7'
    'HTTP_COOKIE' => '_csrf=dd70007b778f1409a80f69f49da9e50edb0b05ede0663836cd1d81e50c4f21d3a%3A2%3A%7Bi%3A0%3Bs%3A5%3A%22_csrf%22%3Bi%3A1%3Bs%3A32%3A%22BQJ2f9jdfCKIrqaWjr4ootggfrwvBE93%22%3B%7D; PHPSESSID=ie02n10pq89hj10pkg0m6b6q70'
    'PATH' => 'C:\\Program Files (x86)\\Common Files\\Oracle\\Java\\javapath;C:\\Windows\\system32;C:\\Windows;C:\\Windows\\System32\\Wbem;C:\\Windows\\System32\\WindowsPowerShell\\v1.0\\;C:\\Program Files\\Git\\cmd;C:\\xampp\\php;C:\\Program Files\\Git\\bin;C:\\composer;C:\\Program Files (x86)\\Yarn\\bin\\;C:\\Program Files\\nodejs\\;C:\\Users\\matheus_dna\\AppData\\Local\\Microsoft\\WindowsApps;C:\\Users\\matheus_dna\\AppData\\Local\\Yarn\\bin;C:\\Users\\matheus_dna\\AppData\\Roaming\\npm'
    'SystemRoot' => 'C:\\Windows'
    'COMSPEC' => 'C:\\Windows\\system32\\cmd.exe'
    'PATHEXT' => '.COM;.EXE;.BAT;.CMD;.VBS;.VBE;.JS;.JSE;.WSF;.WSH;.MSC'
    'WINDIR' => 'C:\\Windows'
    'SERVER_SIGNATURE' => '<address>Apache/2.4.39 (Win64) OpenSSL/1.0.2s PHP/7.1.30 Server at localhost Port 80</address>
'
    'SERVER_SOFTWARE' => 'Apache/2.4.39 (Win64) OpenSSL/1.0.2s PHP/7.1.30'
    'SERVER_NAME' => 'localhost'
    'SERVER_ADDR' => '::1'
    'SERVER_PORT' => '80'
    'REMOTE_ADDR' => '::1'
    'DOCUMENT_ROOT' => 'C:/xampp/htdocs'
    'REQUEST_SCHEME' => 'http'
    'CONTEXT_PREFIX' => ''
    'CONTEXT_DOCUMENT_ROOT' => 'C:/xampp/htdocs'
    'SERVER_ADMIN' => 'postmaster@localhost'
    'SCRIPT_FILENAME' => 'C:/xampp/htdocs/yii/academia/web/index.php'
    'REMOTE_PORT' => '58073'
    'GATEWAY_INTERFACE' => 'CGI/1.1'
    'SERVER_PROTOCOL' => 'HTTP/1.1'
    'REQUEST_METHOD' => 'GET'
    'QUERY_STRING' => ''
    'REQUEST_URI' => '/yii/academia/web/'
    'SCRIPT_NAME' => '/yii/academia/web/index.php'
    'PHP_SELF' => '/yii/academia/web/index.php'
    'REQUEST_TIME_FLOAT' => 1562271603.561
    'REQUEST_TIME' => 1562271603
]
2019-07-04 22:20:04 [::1][-][ie02n10pq89hj10pkg0m6b6q70][error][yii\base\InvalidConfigException] ReflectionException: Class yii\gii\Module does not exist in C:\xampp\htdocs\yii\academia\vendor\yiisoft\yii2\di\Container.php:431
Stack trace:
#0 C:\xampp\htdocs\yii\academia\vendor\yiisoft\yii2\di\Container.php(431): ReflectionClass->__construct('yii\\gii\\Module')
#1 C:\xampp\htdocs\yii\academia\vendor\yiisoft\yii2\di\Container.php(365): yii\di\Container->getDependencies('yii\\gii\\Module')
#2 C:\xampp\htdocs\yii\academia\vendor\yiisoft\yii2\di\Container.php(156): yii\di\Container->build('yii\\gii\\Module', Array, Array)
#3 C:\xampp\htdocs\yii\academia\vendor\yiisoft\yii2\BaseYii.php(349): yii\di\Container->get('yii\\gii\\Module', Array, Array)
#4 C:\xampp\htdocs\yii\academia\vendor\yiisoft\yii2\base\Module.php(427): yii\BaseYii::createObject(Array, Array)
#5 C:\xampp\htdocs\yii\academia\vendor\yiisoft\yii2\base\Application.php(315): yii\base\Module->getModule('gii')
#6 C:\xampp\htdocs\yii\academia\vendor\yiisoft\yii2\web\Application.php(69): yii\base\Application->bootstrap()
#7 C:\xampp\htdocs\yii\academia\vendor\yiisoft\yii2\base\Application.php(273): yii\web\Application->bootstrap()
#8 C:\xampp\htdocs\yii\academia\vendor\yiisoft\yii2\base\BaseObject.php(109): yii\base\Application->init()
#9 C:\xampp\htdocs\yii\academia\vendor\yiisoft\yii2\base\Application.php(206): yii\base\BaseObject->__construct(Array)
#10 C:\xampp\htdocs\yii\academia\web\index.php(12): yii\base\Application->__construct('[<span class="s...')
#11 {main}

Next yii\base\InvalidConfigException: Failed to instantiate component or class "yii\gii\Module". in C:\xampp\htdocs\yii\academia\vendor\yiisoft\yii2\di\Container.php:433
Stack trace:
#0 C:\xampp\htdocs\yii\academia\vendor\yiisoft\yii2\di\Container.php(365): yii\di\Container->getDependencies('yii\\gii\\Module')
#1 C:\xampp\htdocs\yii\academia\vendor\yiisoft\yii2\di\Container.php(156): yii\di\Container->build('yii\\gii\\Module', Array, Array)
#2 C:\xampp\htdocs\yii\academia\vendor\yiisoft\yii2\BaseYii.php(349): yii\di\Container->get('yii\\gii\\Module', Array, Array)
#3 C:\xampp\htdocs\yii\academia\vendor\yiisoft\yii2\base\Module.php(427): yii\BaseYii::createObject(Array, Array)
#4 C:\xampp\htdocs\yii\academia\vendor\yiisoft\yii2\base\Application.php(315): yii\base\Module->getModule('gii')
#5 C:\xampp\htdocs\yii\academia\vendor\yiisoft\yii2\web\Application.php(69): yii\base\Application->bootstrap()
#6 C:\xampp\htdocs\yii\academia\vendor\yiisoft\yii2\base\Application.php(273): yii\web\Application->bootstrap()
#7 C:\xampp\htdocs\yii\academia\vendor\yiisoft\yii2\base\BaseObject.php(109): yii\base\Application->init()
#8 C:\xampp\htdocs\yii\academia\vendor\yiisoft\yii2\base\Application.php(206): yii\base\BaseObject->__construct(Array)
#9 C:\xampp\htdocs\yii\academia\web\index.php(12): yii\base\Application->__construct('[<span class="s...')
#10 {main}
2019-07-04 22:20:04 [::1][-][ie02n10pq89hj10pkg0m6b6q70][info][application] $_GET = []

$_POST = []

$_FILES = []

$_COOKIE = [
    '_csrf' => 'dd70007b778f1409a80f69f49da9e50edb0b05ede0663836cd1d81e50c4f21d3a:2:{i:0;s:5:\"_csrf\";i:1;s:32:\"BQJ2f9jdfCKIrqaWjr4ootggfrwvBE93\";}'
    'PHPSESSID' => 'ie02n10pq89hj10pkg0m6b6q70'
]

$_SESSION = [
    '__flash' => []
    '__captcha/site/captcha' => 'qeytxa'
    '__captcha/site/captchacount' => 1
]

$_SERVER = [
    'MIBDIRS' => 'C:/xampp/php/extras/mibs'
    'MYSQL_HOME' => '\\xampp\\mysql\\bin'
    'OPENSSL_CONF' => 'C:/xampp/apache/bin/openssl.cnf'
    'PHP_PEAR_SYSCONF_DIR' => '\\xampp\\php'
    'PHPRC' => '\\xampp\\php'
    'TMP' => '\\xampp\\tmp'
    'HTTP_HOST' => 'localhost'
    'HTTP_CONNECTION' => 'keep-alive'
    'HTTP_CACHE_CONTROL' => 'max-age=0'
    'HTTP_UPGRADE_INSECURE_REQUESTS' => '1'
    'HTTP_USER_AGENT' => 'Mozilla/5.0 (Windows NT 10.0; Win64; x64) AppleWebKit/537.36 (KHTML, like Gecko) Chrome/75.0.3770.100 Safari/537.36'
    'HTTP_ACCEPT' => 'text/html,application/xhtml+xml,application/xml;q=0.9,image/webp,image/apng,*/*;q=0.8,application/signed-exchange;v=b3'
    'HTTP_ACCEPT_ENCODING' => 'gzip, deflate, br'
    'HTTP_ACCEPT_LANGUAGE' => 'pt-BR,pt;q=0.9,en-US;q=0.8,en;q=0.7'
    'HTTP_COOKIE' => '_csrf=dd70007b778f1409a80f69f49da9e50edb0b05ede0663836cd1d81e50c4f21d3a%3A2%3A%7Bi%3A0%3Bs%3A5%3A%22_csrf%22%3Bi%3A1%3Bs%3A32%3A%22BQJ2f9jdfCKIrqaWjr4ootggfrwvBE93%22%3B%7D; PHPSESSID=ie02n10pq89hj10pkg0m6b6q70'
    'PATH' => 'C:\\Program Files (x86)\\Common Files\\Oracle\\Java\\javapath;C:\\Windows\\system32;C:\\Windows;C:\\Windows\\System32\\Wbem;C:\\Windows\\System32\\WindowsPowerShell\\v1.0\\;C:\\Program Files\\Git\\cmd;C:\\xampp\\php;C:\\Program Files\\Git\\bin;C:\\composer;C:\\Program Files (x86)\\Yarn\\bin\\;C:\\Program Files\\nodejs\\;C:\\Users\\matheus_dna\\AppData\\Local\\Microsoft\\WindowsApps;C:\\Users\\matheus_dna\\AppData\\Local\\Yarn\\bin;C:\\Users\\matheus_dna\\AppData\\Roaming\\npm'
    'SystemRoot' => 'C:\\Windows'
    'COMSPEC' => 'C:\\Windows\\system32\\cmd.exe'
    'PATHEXT' => '.COM;.EXE;.BAT;.CMD;.VBS;.VBE;.JS;.JSE;.WSF;.WSH;.MSC'
    'WINDIR' => 'C:\\Windows'
    'SERVER_SIGNATURE' => '<address>Apache/2.4.39 (Win64) OpenSSL/1.0.2s PHP/7.1.30 Server at localhost Port 80</address>
'
    'SERVER_SOFTWARE' => 'Apache/2.4.39 (Win64) OpenSSL/1.0.2s PHP/7.1.30'
    'SERVER_NAME' => 'localhost'
    'SERVER_ADDR' => '::1'
    'SERVER_PORT' => '80'
    'REMOTE_ADDR' => '::1'
    'DOCUMENT_ROOT' => 'C:/xampp/htdocs'
    'REQUEST_SCHEME' => 'http'
    'CONTEXT_PREFIX' => ''
    'CONTEXT_DOCUMENT_ROOT' => 'C:/xampp/htdocs'
    'SERVER_ADMIN' => 'postmaster@localhost'
    'SCRIPT_FILENAME' => 'C:/xampp/htdocs/yii/academia/web/index.php'
    'REMOTE_PORT' => '58074'
    'GATEWAY_INTERFACE' => 'CGI/1.1'
    'SERVER_PROTOCOL' => 'HTTP/1.1'
    'REQUEST_METHOD' => 'GET'
    'QUERY_STRING' => ''
    'REQUEST_URI' => '/yii/academia/web/'
    'SCRIPT_NAME' => '/yii/academia/web/index.php'
    'PHP_SELF' => '/yii/academia/web/index.php'
    'REQUEST_TIME_FLOAT' => 1562271604.433
    'REQUEST_TIME' => 1562271604
]
2019-07-04 22:20:05 [::1][-][ie02n10pq89hj10pkg0m6b6q70][error][yii\base\ViewNotFoundException] yii\base\ViewNotFoundException: The view file does not exist: C:\xampp\htdocs\yii\academia\views\site\index.php in C:\xampp\htdocs\yii\academia\vendor\yiisoft\yii2\base\View.php:233
Stack trace:
#0 C:\xampp\htdocs\yii\academia\vendor\yiisoft\yii2\base\View.php(156): yii\base\View->renderFile('C:\\xampp\\htdocs...', Array, Object(app\controllers\SiteController))
#1 C:\xampp\htdocs\yii\academia\vendor\yiisoft\yii2\base\Controller.php(384): yii\base\View->render('index', Array, Object(app\controllers\SiteController))
#2 C:\xampp\htdocs\yii\academia\controllers\SiteController.php(64): yii\base\Controller->render('index')
#3 [internal function]: app\controllers\SiteController->actionIndex()
#4 C:\xampp\htdocs\yii\academia\vendor\yiisoft\yii2\base\InlineAction.php(57): call_user_func_array(Array, Array)
#5 C:\xampp\htdocs\yii\academia\vendor\yiisoft\yii2\base\Controller.php(157): yii\base\InlineAction->runWithParams(Array)
#6 C:\xampp\htdocs\yii\academia\vendor\yiisoft\yii2\base\Module.php(528): yii\base\Controller->runAction('', Array)
#7 C:\xampp\htdocs\yii\academia\vendor\yiisoft\yii2\web\Application.php(103): yii\base\Module->runAction('', Array)
#8 C:\xampp\htdocs\yii\academia\vendor\yiisoft\yii2\base\Application.php(386): yii\web\Application->handleRequest(Object(yii\web\Request))
#9 C:\xampp\htdocs\yii\academia\web\index.php(12): yii\base\Application->run()
#10 {main}
2019-07-04 22:20:05 [::1][-][ie02n10pq89hj10pkg0m6b6q70][info][application] $_GET = []

$_POST = []

$_FILES = []

$_COOKIE = [
    '_csrf' => 'dd70007b778f1409a80f69f49da9e50edb0b05ede0663836cd1d81e50c4f21d3a:2:{i:0;s:5:\"_csrf\";i:1;s:32:\"BQJ2f9jdfCKIrqaWjr4ootggfrwvBE93\";}'
    'PHPSESSID' => 'ie02n10pq89hj10pkg0m6b6q70'
]

$_SESSION = [
    '__flash' => []
    '__captcha/site/captcha' => 'qeytxa'
    '__captcha/site/captchacount' => 1
]

$_SERVER = [
    'MIBDIRS' => 'C:/xampp/php/extras/mibs'
    'MYSQL_HOME' => '\\xampp\\mysql\\bin'
    'OPENSSL_CONF' => 'C:/xampp/apache/bin/openssl.cnf'
    'PHP_PEAR_SYSCONF_DIR' => '\\xampp\\php'
    'PHPRC' => '\\xampp\\php'
    'TMP' => '\\xampp\\tmp'
    'HTTP_HOST' => 'localhost'
    'HTTP_CONNECTION' => 'keep-alive'
    'HTTP_CACHE_CONTROL' => 'max-age=0'
    'HTTP_UPGRADE_INSECURE_REQUESTS' => '1'
    'HTTP_USER_AGENT' => 'Mozilla/5.0 (Windows NT 10.0; Win64; x64) AppleWebKit/537.36 (KHTML, like Gecko) Chrome/75.0.3770.100 Safari/537.36'
    'HTTP_ACCEPT' => 'text/html,application/xhtml+xml,application/xml;q=0.9,image/webp,image/apng,*/*;q=0.8,application/signed-exchange;v=b3'
    'HTTP_ACCEPT_ENCODING' => 'gzip, deflate, br'
    'HTTP_ACCEPT_LANGUAGE' => 'pt-BR,pt;q=0.9,en-US;q=0.8,en;q=0.7'
    'HTTP_COOKIE' => '_csrf=dd70007b778f1409a80f69f49da9e50edb0b05ede0663836cd1d81e50c4f21d3a%3A2%3A%7Bi%3A0%3Bs%3A5%3A%22_csrf%22%3Bi%3A1%3Bs%3A32%3A%22BQJ2f9jdfCKIrqaWjr4ootggfrwvBE93%22%3B%7D; PHPSESSID=ie02n10pq89hj10pkg0m6b6q70'
    'PATH' => 'C:\\Program Files (x86)\\Common Files\\Oracle\\Java\\javapath;C:\\Windows\\system32;C:\\Windows;C:\\Windows\\System32\\Wbem;C:\\Windows\\System32\\WindowsPowerShell\\v1.0\\;C:\\Program Files\\Git\\cmd;C:\\xampp\\php;C:\\Program Files\\Git\\bin;C:\\composer;C:\\Program Files (x86)\\Yarn\\bin\\;C:\\Program Files\\nodejs\\;C:\\Users\\matheus_dna\\AppData\\Local\\Microsoft\\WindowsApps;C:\\Users\\matheus_dna\\AppData\\Local\\Yarn\\bin;C:\\Users\\matheus_dna\\AppData\\Roaming\\npm'
    'SystemRoot' => 'C:\\Windows'
    'COMSPEC' => 'C:\\Windows\\system32\\cmd.exe'
    'PATHEXT' => '.COM;.EXE;.BAT;.CMD;.VBS;.VBE;.JS;.JSE;.WSF;.WSH;.MSC'
    'WINDIR' => 'C:\\Windows'
    'SERVER_SIGNATURE' => '<address>Apache/2.4.39 (Win64) OpenSSL/1.0.2s PHP/7.1.30 Server at localhost Port 80</address>
'
    'SERVER_SOFTWARE' => 'Apache/2.4.39 (Win64) OpenSSL/1.0.2s PHP/7.1.30'
    'SERVER_NAME' => 'localhost'
    'SERVER_ADDR' => '::1'
    'SERVER_PORT' => '80'
    'REMOTE_ADDR' => '::1'
    'DOCUMENT_ROOT' => 'C:/xampp/htdocs'
    'REQUEST_SCHEME' => 'http'
    'CONTEXT_PREFIX' => ''
    'CONTEXT_DOCUMENT_ROOT' => 'C:/xampp/htdocs'
    'SERVER_ADMIN' => 'postmaster@localhost'
    'SCRIPT_FILENAME' => 'C:/xampp/htdocs/yii/academia/web/index.php'
    'REMOTE_PORT' => '58075'
    'GATEWAY_INTERFACE' => 'CGI/1.1'
    'SERVER_PROTOCOL' => 'HTTP/1.1'
    'REQUEST_METHOD' => 'GET'
    'QUERY_STRING' => ''
    'REQUEST_URI' => '/yii/academia/web/'
    'SCRIPT_NAME' => '/yii/academia/web/index.php'
    'PHP_SELF' => '/yii/academia/web/index.php'
    'REQUEST_TIME_FLOAT' => 1562271605.329
    'REQUEST_TIME' => 1562271605
]
2019-07-04 22:20:11 [::1][-][ie02n10pq89hj10pkg0m6b6q70][error][yii\base\ViewNotFoundException] yii\base\ViewNotFoundException: The view file does not exist: C:\xampp\htdocs\yii\academia\views\site\index.php in C:\xampp\htdocs\yii\academia\vendor\yiisoft\yii2\base\View.php:233
Stack trace:
#0 C:\xampp\htdocs\yii\academia\vendor\yiisoft\yii2\base\View.php(156): yii\base\View->renderFile('C:\\xampp\\htdocs...', Array, Object(app\controllers\SiteController))
#1 C:\xampp\htdocs\yii\academia\vendor\yiisoft\yii2\base\Controller.php(384): yii\base\View->render('index', Array, Object(app\controllers\SiteController))
#2 C:\xampp\htdocs\yii\academia\controllers\SiteController.php(64): yii\base\Controller->render('index')
#3 [internal function]: app\controllers\SiteController->actionIndex()
#4 C:\xampp\htdocs\yii\academia\vendor\yiisoft\yii2\base\InlineAction.php(57): call_user_func_array(Array, Array)
#5 C:\xampp\htdocs\yii\academia\vendor\yiisoft\yii2\base\Controller.php(157): yii\base\InlineAction->runWithParams(Array)
#6 C:\xampp\htdocs\yii\academia\vendor\yiisoft\yii2\base\Module.php(528): yii\base\Controller->runAction('', Array)
#7 C:\xampp\htdocs\yii\academia\vendor\yiisoft\yii2\web\Application.php(103): yii\base\Module->runAction('', Array)
#8 C:\xampp\htdocs\yii\academia\vendor\yiisoft\yii2\base\Application.php(386): yii\web\Application->handleRequest(Object(yii\web\Request))
#9 C:\xampp\htdocs\yii\academia\web\index.php(12): yii\base\Application->run()
#10 {main}
2019-07-04 22:20:11 [::1][-][ie02n10pq89hj10pkg0m6b6q70][info][application] $_GET = []

$_POST = []

$_FILES = []

$_COOKIE = [
    '_csrf' => 'dd70007b778f1409a80f69f49da9e50edb0b05ede0663836cd1d81e50c4f21d3a:2:{i:0;s:5:\"_csrf\";i:1;s:32:\"BQJ2f9jdfCKIrqaWjr4ootggfrwvBE93\";}'
    'PHPSESSID' => 'ie02n10pq89hj10pkg0m6b6q70'
]

$_SESSION = [
    '__flash' => []
    '__captcha/site/captcha' => 'qeytxa'
    '__captcha/site/captchacount' => 1
]

$_SERVER = [
    'MIBDIRS' => 'C:/xampp/php/extras/mibs'
    'MYSQL_HOME' => '\\xampp\\mysql\\bin'
    'OPENSSL_CONF' => 'C:/xampp/apache/bin/openssl.cnf'
    'PHP_PEAR_SYSCONF_DIR' => '\\xampp\\php'
    'PHPRC' => '\\xampp\\php'
    'TMP' => '\\xampp\\tmp'
    'HTTP_HOST' => 'localhost'
    'HTTP_CONNECTION' => 'keep-alive'
    'HTTP_CACHE_CONTROL' => 'max-age=0'
    'HTTP_UPGRADE_INSECURE_REQUESTS' => '1'
    'HTTP_USER_AGENT' => 'Mozilla/5.0 (Windows NT 10.0; Win64; x64) AppleWebKit/537.36 (KHTML, like Gecko) Chrome/75.0.3770.100 Safari/537.36'
    'HTTP_ACCEPT' => 'text/html,application/xhtml+xml,application/xml;q=0.9,image/webp,image/apng,*/*;q=0.8,application/signed-exchange;v=b3'
    'HTTP_ACCEPT_ENCODING' => 'gzip, deflate, br'
    'HTTP_ACCEPT_LANGUAGE' => 'pt-BR,pt;q=0.9,en-US;q=0.8,en;q=0.7'
    'HTTP_COOKIE' => '_csrf=dd70007b778f1409a80f69f49da9e50edb0b05ede0663836cd1d81e50c4f21d3a%3A2%3A%7Bi%3A0%3Bs%3A5%3A%22_csrf%22%3Bi%3A1%3Bs%3A32%3A%22BQJ2f9jdfCKIrqaWjr4ootggfrwvBE93%22%3B%7D; PHPSESSID=ie02n10pq89hj10pkg0m6b6q70'
    'PATH' => 'C:\\Program Files (x86)\\Common Files\\Oracle\\Java\\javapath;C:\\Windows\\system32;C:\\Windows;C:\\Windows\\System32\\Wbem;C:\\Windows\\System32\\WindowsPowerShell\\v1.0\\;C:\\Program Files\\Git\\cmd;C:\\xampp\\php;C:\\Program Files\\Git\\bin;C:\\composer;C:\\Program Files (x86)\\Yarn\\bin\\;C:\\Program Files\\nodejs\\;C:\\Users\\matheus_dna\\AppData\\Local\\Microsoft\\WindowsApps;C:\\Users\\matheus_dna\\AppData\\Local\\Yarn\\bin;C:\\Users\\matheus_dna\\AppData\\Roaming\\npm'
    'SystemRoot' => 'C:\\Windows'
    'COMSPEC' => 'C:\\Windows\\system32\\cmd.exe'
    'PATHEXT' => '.COM;.EXE;.BAT;.CMD;.VBS;.VBE;.JS;.JSE;.WSF;.WSH;.MSC'
    'WINDIR' => 'C:\\Windows'
    'SERVER_SIGNATURE' => '<address>Apache/2.4.39 (Win64) OpenSSL/1.0.2s PHP/7.1.30 Server at localhost Port 80</address>
'
    'SERVER_SOFTWARE' => 'Apache/2.4.39 (Win64) OpenSSL/1.0.2s PHP/7.1.30'
    'SERVER_NAME' => 'localhost'
    'SERVER_ADDR' => '::1'
    'SERVER_PORT' => '80'
    'REMOTE_ADDR' => '::1'
    'DOCUMENT_ROOT' => 'C:/xampp/htdocs'
    'REQUEST_SCHEME' => 'http'
    'CONTEXT_PREFIX' => ''
    'CONTEXT_DOCUMENT_ROOT' => 'C:/xampp/htdocs'
    'SERVER_ADMIN' => 'postmaster@localhost'
    'SCRIPT_FILENAME' => 'C:/xampp/htdocs/yii/academia/web/index.php'
    'REMOTE_PORT' => '58079'
    'GATEWAY_INTERFACE' => 'CGI/1.1'
    'SERVER_PROTOCOL' => 'HTTP/1.1'
    'REQUEST_METHOD' => 'GET'
    'QUERY_STRING' => ''
    'REQUEST_URI' => '/yii/academia/web/'
    'SCRIPT_NAME' => '/yii/academia/web/index.php'
    'PHP_SELF' => '/yii/academia/web/index.php'
    'REQUEST_TIME_FLOAT' => 1562271611.742
    'REQUEST_TIME' => 1562271611
]
2019-07-04 22:20:35 [::1][-][ie02n10pq89hj10pkg0m6b6q70][error][yii\base\ViewNotFoundException] yii\base\ViewNotFoundException: The view file does not exist: C:\xampp\htdocs\yii\academia\views\site\index.php in C:\xampp\htdocs\yii\academia\vendor\yiisoft\yii2\base\View.php:233
Stack trace:
#0 C:\xampp\htdocs\yii\academia\vendor\yiisoft\yii2\base\View.php(156): yii\base\View->renderFile('C:\\xampp\\htdocs...', Array, Object(app\controllers\SiteController))
#1 C:\xampp\htdocs\yii\academia\vendor\yiisoft\yii2\base\Controller.php(384): yii\base\View->render('index', Array, Object(app\controllers\SiteController))
#2 C:\xampp\htdocs\yii\academia\controllers\SiteController.php(64): yii\base\Controller->render('index')
#3 [internal function]: app\controllers\SiteController->actionIndex()
#4 C:\xampp\htdocs\yii\academia\vendor\yiisoft\yii2\base\InlineAction.php(57): call_user_func_array(Array, Array)
#5 C:\xampp\htdocs\yii\academia\vendor\yiisoft\yii2\base\Controller.php(157): yii\base\InlineAction->runWithParams(Array)
#6 C:\xampp\htdocs\yii\academia\vendor\yiisoft\yii2\base\Module.php(528): yii\base\Controller->runAction('', Array)
#7 C:\xampp\htdocs\yii\academia\vendor\yiisoft\yii2\web\Application.php(103): yii\base\Module->runAction('', Array)
#8 C:\xampp\htdocs\yii\academia\vendor\yiisoft\yii2\base\Application.php(386): yii\web\Application->handleRequest(Object(yii\web\Request))
#9 C:\xampp\htdocs\yii\academia\web\index.php(12): yii\base\Application->run()
#10 {main}
2019-07-04 22:20:35 [::1][-][ie02n10pq89hj10pkg0m6b6q70][info][application] $_GET = []

$_POST = []

$_FILES = []

$_COOKIE = [
    '_csrf' => 'dd70007b778f1409a80f69f49da9e50edb0b05ede0663836cd1d81e50c4f21d3a:2:{i:0;s:5:\"_csrf\";i:1;s:32:\"BQJ2f9jdfCKIrqaWjr4ootggfrwvBE93\";}'
    'PHPSESSID' => 'ie02n10pq89hj10pkg0m6b6q70'
]

$_SESSION = [
    '__flash' => []
    '__captcha/site/captcha' => 'qeytxa'
    '__captcha/site/captchacount' => 1
]

$_SERVER = [
    'MIBDIRS' => 'C:/xampp/php/extras/mibs'
    'MYSQL_HOME' => '\\xampp\\mysql\\bin'
    'OPENSSL_CONF' => 'C:/xampp/apache/bin/openssl.cnf'
    'PHP_PEAR_SYSCONF_DIR' => '\\xampp\\php'
    'PHPRC' => '\\xampp\\php'
    'TMP' => '\\xampp\\tmp'
    'HTTP_HOST' => 'localhost'
    'HTTP_CONNECTION' => 'keep-alive'
    'HTTP_UPGRADE_INSECURE_REQUESTS' => '1'
    'HTTP_USER_AGENT' => 'Mozilla/5.0 (Windows NT 10.0; Win64; x64) AppleWebKit/537.36 (KHTML, like Gecko) Chrome/75.0.3770.100 Safari/537.36'
    'HTTP_ACCEPT' => 'text/html,application/xhtml+xml,application/xml;q=0.9,image/webp,image/apng,*/*;q=0.8,application/signed-exchange;v=b3'
    'HTTP_ACCEPT_ENCODING' => 'gzip, deflate, br'
    'HTTP_ACCEPT_LANGUAGE' => 'pt-BR,pt;q=0.9,en-US;q=0.8,en;q=0.7'
    'HTTP_COOKIE' => '_csrf=dd70007b778f1409a80f69f49da9e50edb0b05ede0663836cd1d81e50c4f21d3a%3A2%3A%7Bi%3A0%3Bs%3A5%3A%22_csrf%22%3Bi%3A1%3Bs%3A32%3A%22BQJ2f9jdfCKIrqaWjr4ootggfrwvBE93%22%3B%7D; PHPSESSID=ie02n10pq89hj10pkg0m6b6q70'
    'PATH' => 'C:\\Program Files (x86)\\Common Files\\Oracle\\Java\\javapath;C:\\Windows\\system32;C:\\Windows;C:\\Windows\\System32\\Wbem;C:\\Windows\\System32\\WindowsPowerShell\\v1.0\\;C:\\Program Files\\Git\\cmd;C:\\xampp\\php;C:\\Program Files\\Git\\bin;C:\\composer;C:\\Program Files (x86)\\Yarn\\bin\\;C:\\Program Files\\nodejs\\;C:\\Users\\matheus_dna\\AppData\\Local\\Microsoft\\WindowsApps;C:\\Users\\matheus_dna\\AppData\\Local\\Yarn\\bin;C:\\Users\\matheus_dna\\AppData\\Roaming\\npm'
    'SystemRoot' => 'C:\\Windows'
    'COMSPEC' => 'C:\\Windows\\system32\\cmd.exe'
    'PATHEXT' => '.COM;.EXE;.BAT;.CMD;.VBS;.VBE;.JS;.JSE;.WSF;.WSH;.MSC'
    'WINDIR' => 'C:\\Windows'
    'SERVER_SIGNATURE' => '<address>Apache/2.4.39 (Win64) OpenSSL/1.0.2s PHP/7.1.30 Server at localhost Port 80</address>
'
    'SERVER_SOFTWARE' => 'Apache/2.4.39 (Win64) OpenSSL/1.0.2s PHP/7.1.30'
    'SERVER_NAME' => 'localhost'
    'SERVER_ADDR' => '::1'
    'SERVER_PORT' => '80'
    'REMOTE_ADDR' => '::1'
    'DOCUMENT_ROOT' => 'C:/xampp/htdocs'
    'REQUEST_SCHEME' => 'http'
    'CONTEXT_PREFIX' => ''
    'CONTEXT_DOCUMENT_ROOT' => 'C:/xampp/htdocs'
    'SERVER_ADMIN' => 'postmaster@localhost'
    'SCRIPT_FILENAME' => 'C:/xampp/htdocs/yii/academia/web/index.php'
    'REMOTE_PORT' => '58083'
    'GATEWAY_INTERFACE' => 'CGI/1.1'
    'SERVER_PROTOCOL' => 'HTTP/1.1'
    'REQUEST_METHOD' => 'GET'
    'QUERY_STRING' => ''
    'REQUEST_URI' => '/yii/academia/web/'
    'SCRIPT_NAME' => '/yii/academia/web/index.php'
    'PHP_SELF' => '/yii/academia/web/index.php'
    'REQUEST_TIME_FLOAT' => 1562271635.081
    'REQUEST_TIME' => 1562271635
]
2019-07-04 22:20:58 [::1][-][ie02n10pq89hj10pkg0m6b6q70][error][Error] Error: Class 'app\assets\AppAsset' not found in C:\xampp\htdocs\yii\academia\views\layouts\main.php:13
Stack trace:
#0 C:\xampp\htdocs\yii\academia\vendor\yiisoft\yii2\base\View.php(348): require()
#1 C:\xampp\htdocs\yii\academia\vendor\yiisoft\yii2\base\View.php(257): yii\base\View->renderPhpFile('C:\\xampp\\htdocs...', Array)
#2 C:\xampp\htdocs\yii\academia\vendor\yiisoft\yii2\base\Controller.php(399): yii\base\View->renderFile('C:\\xampp\\htdocs...', Array, Object(app\controllers\SiteController))
#3 C:\xampp\htdocs\yii\academia\vendor\yiisoft\yii2\base\Controller.php(385): yii\base\Controller->renderContent('<div class="sit...')
#4 C:\xampp\htdocs\yii\academia\controllers\SiteController.php(64): yii\base\Controller->render('index')
#5 [internal function]: app\controllers\SiteController->actionIndex()
#6 C:\xampp\htdocs\yii\academia\vendor\yiisoft\yii2\base\InlineAction.php(57): call_user_func_array(Array, Array)
#7 C:\xampp\htdocs\yii\academia\vendor\yiisoft\yii2\base\Controller.php(157): yii\base\InlineAction->runWithParams(Array)
#8 C:\xampp\htdocs\yii\academia\vendor\yiisoft\yii2\base\Module.php(528): yii\base\Controller->runAction('', Array)
#9 C:\xampp\htdocs\yii\academia\vendor\yiisoft\yii2\web\Application.php(103): yii\base\Module->runAction('', Array)
#10 C:\xampp\htdocs\yii\academia\vendor\yiisoft\yii2\base\Application.php(386): yii\web\Application->handleRequest(Object(yii\web\Request))
#11 C:\xampp\htdocs\yii\academia\web\index.php(12): yii\base\Application->run()
#12 {main}
2019-07-04 22:20:58 [::1][-][ie02n10pq89hj10pkg0m6b6q70][info][application] $_GET = []

$_POST = []

$_FILES = []

$_COOKIE = [
    '_csrf' => 'dd70007b778f1409a80f69f49da9e50edb0b05ede0663836cd1d81e50c4f21d3a:2:{i:0;s:5:\"_csrf\";i:1;s:32:\"BQJ2f9jdfCKIrqaWjr4ootggfrwvBE93\";}'
    'PHPSESSID' => 'ie02n10pq89hj10pkg0m6b6q70'
]

$_SESSION = [
    '__flash' => []
    '__captcha/site/captcha' => 'qeytxa'
    '__captcha/site/captchacount' => 1
]

$_SERVER = [
    'MIBDIRS' => 'C:/xampp/php/extras/mibs'
    'MYSQL_HOME' => '\\xampp\\mysql\\bin'
    'OPENSSL_CONF' => 'C:/xampp/apache/bin/openssl.cnf'
    'PHP_PEAR_SYSCONF_DIR' => '\\xampp\\php'
    'PHPRC' => '\\xampp\\php'
    'TMP' => '\\xampp\\tmp'
    'HTTP_HOST' => 'localhost'
    'HTTP_CONNECTION' => 'keep-alive'
    'HTTP_CACHE_CONTROL' => 'max-age=0'
    'HTTP_UPGRADE_INSECURE_REQUESTS' => '1'
    'HTTP_USER_AGENT' => 'Mozilla/5.0 (Windows NT 10.0; Win64; x64) AppleWebKit/537.36 (KHTML, like Gecko) Chrome/75.0.3770.100 Safari/537.36'
    'HTTP_ACCEPT' => 'text/html,application/xhtml+xml,application/xml;q=0.9,image/webp,image/apng,*/*;q=0.8,application/signed-exchange;v=b3'
    'HTTP_ACCEPT_ENCODING' => 'gzip, deflate, br'
    'HTTP_ACCEPT_LANGUAGE' => 'pt-BR,pt;q=0.9,en-US;q=0.8,en;q=0.7'
    'HTTP_COOKIE' => '_csrf=dd70007b778f1409a80f69f49da9e50edb0b05ede0663836cd1d81e50c4f21d3a%3A2%3A%7Bi%3A0%3Bs%3A5%3A%22_csrf%22%3Bi%3A1%3Bs%3A32%3A%22BQJ2f9jdfCKIrqaWjr4ootggfrwvBE93%22%3B%7D; PHPSESSID=ie02n10pq89hj10pkg0m6b6q70'
    'PATH' => 'C:\\Program Files (x86)\\Common Files\\Oracle\\Java\\javapath;C:\\Windows\\system32;C:\\Windows;C:\\Windows\\System32\\Wbem;C:\\Windows\\System32\\WindowsPowerShell\\v1.0\\;C:\\Program Files\\Git\\cmd;C:\\xampp\\php;C:\\Program Files\\Git\\bin;C:\\composer;C:\\Program Files (x86)\\Yarn\\bin\\;C:\\Program Files\\nodejs\\;C:\\Users\\matheus_dna\\AppData\\Local\\Microsoft\\WindowsApps;C:\\Users\\matheus_dna\\AppData\\Local\\Yarn\\bin;C:\\Users\\matheus_dna\\AppData\\Roaming\\npm'
    'SystemRoot' => 'C:\\Windows'
    'COMSPEC' => 'C:\\Windows\\system32\\cmd.exe'
    'PATHEXT' => '.COM;.EXE;.BAT;.CMD;.VBS;.VBE;.JS;.JSE;.WSF;.WSH;.MSC'
    'WINDIR' => 'C:\\Windows'
    'SERVER_SIGNATURE' => '<address>Apache/2.4.39 (Win64) OpenSSL/1.0.2s PHP/7.1.30 Server at localhost Port 80</address>
'
    'SERVER_SOFTWARE' => 'Apache/2.4.39 (Win64) OpenSSL/1.0.2s PHP/7.1.30'
    'SERVER_NAME' => 'localhost'
    'SERVER_ADDR' => '::1'
    'SERVER_PORT' => '80'
    'REMOTE_ADDR' => '::1'
    'DOCUMENT_ROOT' => 'C:/xampp/htdocs'
    'REQUEST_SCHEME' => 'http'
    'CONTEXT_PREFIX' => ''
    'CONTEXT_DOCUMENT_ROOT' => 'C:/xampp/htdocs'
    'SERVER_ADMIN' => 'postmaster@localhost'
    'SCRIPT_FILENAME' => 'C:/xampp/htdocs/yii/academia/web/index.php'
    'REMOTE_PORT' => '58085'
    'GATEWAY_INTERFACE' => 'CGI/1.1'
    'SERVER_PROTOCOL' => 'HTTP/1.1'
    'REQUEST_METHOD' => 'GET'
    'QUERY_STRING' => ''
    'REQUEST_URI' => '/yii/academia/web/'
    'SCRIPT_NAME' => '/yii/academia/web/index.php'
    'PHP_SELF' => '/yii/academia/web/index.php'
    'REQUEST_TIME_FLOAT' => 1562271658.906
    'REQUEST_TIME' => 1562271658
]
2019-07-04 22:21:12 [::1][-][ie02n10pq89hj10pkg0m6b6q70][error][yii\base\InvalidConfigException] yii\base\InvalidConfigException: The directory does not exist: C:/xampp/htdocs/yii/academia/web/assets in C:\xampp\htdocs\yii\academia\vendor\yiisoft\yii2\web\AssetManager.php:213
Stack trace:
#0 C:\xampp\htdocs\yii\academia\vendor\yiisoft\yii2\base\BaseObject.php(109): yii\web\AssetManager->init()
#1 [internal function]: yii\base\BaseObject->__construct(Array)
#2 C:\xampp\htdocs\yii\academia\vendor\yiisoft\yii2\di\Container.php(376): ReflectionClass->newInstanceArgs(Array)
#3 C:\xampp\htdocs\yii\academia\vendor\yiisoft\yii2\di\Container.php(156): yii\di\Container->build('yii\\web\\AssetMa...', Array, Array)
#4 C:\xampp\htdocs\yii\academia\vendor\yiisoft\yii2\BaseYii.php(349): yii\di\Container->get('yii\\web\\AssetMa...', Array, Array)
#5 C:\xampp\htdocs\yii\academia\vendor\yiisoft\yii2\di\ServiceLocator.php(137): yii\BaseYii::createObject(Array)
#6 C:\xampp\htdocs\yii\academia\vendor\yiisoft\yii2\base\Module.php(742): yii\di\ServiceLocator->get('assetManager', true)
#7 C:\xampp\htdocs\yii\academia\vendor\yiisoft\yii2\base\Application.php(608): yii\base\Module->get('assetManager')
#8 C:\xampp\htdocs\yii\academia\vendor\yiisoft\yii2\web\View.php(225): yii\base\Application->getAssetManager()
#9 C:\xampp\htdocs\yii\academia\vendor\yiisoft\yii2\web\View.php(285): yii\web\View->getAssetManager()
#10 C:\xampp\htdocs\yii\academia\vendor\yiisoft\yii2\web\AssetBundle.php(125): yii\web\View->registerAssetBundle('app\\assets\\AppA...')
#11 C:\xampp\htdocs\yii\academia\views\layouts\main.php(13): yii\web\AssetBundle::register(Object(yii\web\View))
#12 C:\xampp\htdocs\yii\academia\vendor\yiisoft\yii2\base\View.php(348): require('C:\\xampp\\htdocs...')
#13 C:\xampp\htdocs\yii\academia\vendor\yiisoft\yii2\base\View.php(257): yii\base\View->renderPhpFile('C:\\xampp\\htdocs...', Array)
#14 C:\xampp\htdocs\yii\academia\vendor\yiisoft\yii2\base\Controller.php(399): yii\base\View->renderFile('C:\\xampp\\htdocs...', Array, Object(app\controllers\SiteController))
#15 C:\xampp\htdocs\yii\academia\vendor\yiisoft\yii2\base\Controller.php(385): yii\base\Controller->renderContent('<div class="sit...')
#16 C:\xampp\htdocs\yii\academia\controllers\SiteController.php(64): yii\base\Controller->render('index')
#17 [internal function]: app\controllers\SiteController->actionIndex()
#18 C:\xampp\htdocs\yii\academia\vendor\yiisoft\yii2\base\InlineAction.php(57): call_user_func_array(Array, Array)
#19 C:\xampp\htdocs\yii\academia\vendor\yiisoft\yii2\base\Controller.php(157): yii\base\InlineAction->runWithParams(Array)
#20 C:\xampp\htdocs\yii\academia\vendor\yiisoft\yii2\base\Module.php(528): yii\base\Controller->runAction('', Array)
#21 C:\xampp\htdocs\yii\academia\vendor\yiisoft\yii2\web\Application.php(103): yii\base\Module->runAction('', Array)
#22 C:\xampp\htdocs\yii\academia\vendor\yiisoft\yii2\base\Application.php(386): yii\web\Application->handleRequest(Object(yii\web\Request))
#23 C:\xampp\htdocs\yii\academia\web\index.php(12): yii\base\Application->run()
#24 {main}
2019-07-04 22:21:12 [::1][-][ie02n10pq89hj10pkg0m6b6q70][info][application] $_GET = []

$_POST = []

$_FILES = []

$_COOKIE = [
    '_csrf' => 'dd70007b778f1409a80f69f49da9e50edb0b05ede0663836cd1d81e50c4f21d3a:2:{i:0;s:5:\"_csrf\";i:1;s:32:\"BQJ2f9jdfCKIrqaWjr4ootggfrwvBE93\";}'
    'PHPSESSID' => 'ie02n10pq89hj10pkg0m6b6q70'
]

$_SESSION = [
    '__flash' => []
    '__captcha/site/captcha' => 'qeytxa'
    '__captcha/site/captchacount' => 1
]

$_SERVER = [
    'MIBDIRS' => 'C:/xampp/php/extras/mibs'
    'MYSQL_HOME' => '\\xampp\\mysql\\bin'
    'OPENSSL_CONF' => 'C:/xampp/apache/bin/openssl.cnf'
    'PHP_PEAR_SYSCONF_DIR' => '\\xampp\\php'
    'PHPRC' => '\\xampp\\php'
    'TMP' => '\\xampp\\tmp'
    'HTTP_HOST' => 'localhost'
    'HTTP_CONNECTION' => 'keep-alive'
    'HTTP_CACHE_CONTROL' => 'max-age=0'
    'HTTP_UPGRADE_INSECURE_REQUESTS' => '1'
    'HTTP_USER_AGENT' => 'Mozilla/5.0 (Windows NT 10.0; Win64; x64) AppleWebKit/537.36 (KHTML, like Gecko) Chrome/75.0.3770.100 Safari/537.36'
    'HTTP_ACCEPT' => 'text/html,application/xhtml+xml,application/xml;q=0.9,image/webp,image/apng,*/*;q=0.8,application/signed-exchange;v=b3'
    'HTTP_ACCEPT_ENCODING' => 'gzip, deflate, br'
    'HTTP_ACCEPT_LANGUAGE' => 'pt-BR,pt;q=0.9,en-US;q=0.8,en;q=0.7'
    'HTTP_COOKIE' => '_csrf=dd70007b778f1409a80f69f49da9e50edb0b05ede0663836cd1d81e50c4f21d3a%3A2%3A%7Bi%3A0%3Bs%3A5%3A%22_csrf%22%3Bi%3A1%3Bs%3A32%3A%22BQJ2f9jdfCKIrqaWjr4ootggfrwvBE93%22%3B%7D; PHPSESSID=ie02n10pq89hj10pkg0m6b6q70'
    'PATH' => 'C:\\Program Files (x86)\\Common Files\\Oracle\\Java\\javapath;C:\\Windows\\system32;C:\\Windows;C:\\Windows\\System32\\Wbem;C:\\Windows\\System32\\WindowsPowerShell\\v1.0\\;C:\\Program Files\\Git\\cmd;C:\\xampp\\php;C:\\Program Files\\Git\\bin;C:\\composer;C:\\Program Files (x86)\\Yarn\\bin\\;C:\\Program Files\\nodejs\\;C:\\Users\\matheus_dna\\AppData\\Local\\Microsoft\\WindowsApps;C:\\Users\\matheus_dna\\AppData\\Local\\Yarn\\bin;C:\\Users\\matheus_dna\\AppData\\Roaming\\npm'
    'SystemRoot' => 'C:\\Windows'
    'COMSPEC' => 'C:\\Windows\\system32\\cmd.exe'
    'PATHEXT' => '.COM;.EXE;.BAT;.CMD;.VBS;.VBE;.JS;.JSE;.WSF;.WSH;.MSC'
    'WINDIR' => 'C:\\Windows'
    'SERVER_SIGNATURE' => '<address>Apache/2.4.39 (Win64) OpenSSL/1.0.2s PHP/7.1.30 Server at localhost Port 80</address>
'
    'SERVER_SOFTWARE' => 'Apache/2.4.39 (Win64) OpenSSL/1.0.2s PHP/7.1.30'
    'SERVER_NAME' => 'localhost'
    'SERVER_ADDR' => '::1'
    'SERVER_PORT' => '80'
    'REMOTE_ADDR' => '::1'
    'DOCUMENT_ROOT' => 'C:/xampp/htdocs'
    'REQUEST_SCHEME' => 'http'
    'CONTEXT_PREFIX' => ''
    'CONTEXT_DOCUMENT_ROOT' => 'C:/xampp/htdocs'
    'SERVER_ADMIN' => 'postmaster@localhost'
    'SCRIPT_FILENAME' => 'C:/xampp/htdocs/yii/academia/web/index.php'
    'REMOTE_PORT' => '58088'
    'GATEWAY_INTERFACE' => 'CGI/1.1'
    'SERVER_PROTOCOL' => 'HTTP/1.1'
    'REQUEST_METHOD' => 'GET'
    'QUERY_STRING' => ''
    'REQUEST_URI' => '/yii/academia/web/'
    'SCRIPT_NAME' => '/yii/academia/web/index.php'
    'PHP_SELF' => '/yii/academia/web/index.php'
    'REQUEST_TIME_FLOAT' => 1562271672.538
    'REQUEST_TIME' => 1562271672
]
